<?xml version="1.0" encoding="UTF-8"?>
<!-- Generated by org.testng.reporters.JUnitReportReporter -->
<testsuite hostname="LAPTOP-S86Q0PN4" failures="0" tests="1" name="moduleNameTestNg.SoftAssert" time="0.010" errors="0" timestamp="2022-11-10T10:54:57 IST" skipped="0">
  <testcase classname="moduleNameTestNg.SoftAssert" name="demo" time="0.010"/>
  <system-out/>
</testsuite> <!-- moduleNameTestNg.SoftAssert -->
