<?xml version="1.0" encoding="UTF-8"?>
<!-- Generated by org.testng.reporters.JUnitReportReporter -->
<testsuite hostname="LAPTOP-S86Q0PN4" failures="0" tests="7" name="moduleNameTestNg.ClassA" time="0.007" errors="0" timestamp="2022-11-08T10:13:49 IST" skipped="1">
  <testcase classname="moduleNameTestNg.ClassA" name="demo1" time="0.001"/>
  <system-out/>
  <testcase classname="moduleNameTestNg.ClassA" name="demo1" time="0.001"/>
  <system-out/>
  <testcase classname="moduleNameTestNg.ClassA" name="demo1" time="0.001"/>
  <system-out/>
  <testcase classname="moduleNameTestNg.ClassA" name="demo1" time="0.001"/>
  <system-out/>
  <testcase classname="moduleNameTestNg.ClassA" name="demo1" time="0.002"/>
  <system-out/>
  <testcase classname="moduleNameTestNg.ClassA" name="demo3" time="0.001"/>
  <system-out/>
  <testcase classname="moduleNameTestNg.ClassA" name="demo2">
    <skipped/>
  </testcase> <!-- demo2 -->
  <system-out/>
</testsuite> <!-- moduleNameTestNg.ClassA -->
